<?xml version="1.0" encoding="UTF-8"?>
<!-- Generated by org.testng.reporters.JUnitReportReporter -->
<testsuite skipped="2" hostname="Is-MacBook-Pro" name="com.qa.hubspot.tests.LoginPageTest" tests="8" failures="0" timestamp="2020-07-25T02:33:19 CDT" time="65.349" errors="0">
  <testcase name="verifyLoginPageTitle" time="9.160" classname="com.qa.hubspot.tests.LoginPageTest"/>
  <system-out/>
  <testcase name="verifyLoginPageTitle" time="6.442" classname="com.qa.hubspot.tests.LoginPageTest"/>
  <system-out/>
  <testcase name="verifySignUpLinkTest" time="13.077" classname="com.qa.hubspot.tests.LoginPageTest"/>
  <system-out/>
  <testcase name="verifySignUpLinkTest" time="9.860" classname="com.qa.hubspot.tests.LoginPageTest"/>
  <system-out/>
  <testcase name="loginTest" time="10.768" classname="com.qa.hubspot.tests.LoginPageTest"/>
  <system-out/>
  <testcase name="loginTest" time="16.042" classname="com.qa.hubspot.tests.LoginPageTest"/>
  <system-out/>
  <testcase name="loginInvalidTestcase" classname="com.qa.hubspot.tests.LoginPageTest">
    <skipped/>
  </testcase> <!-- loginInvalidTestcase -->
  <system-out/>
  <testcase name="loginInvalidTestcase" classname="com.qa.hubspot.tests.LoginPageTest">
    <skipped/>
  </testcase> <!-- loginInvalidTestcase -->
  <system-out/>
</testsuite> <!-- com.qa.hubspot.tests.LoginPageTest -->
