<?xml version="1.0" encoding="UTF-8"?>
<!-- Generated by org.testng.reporters.JUnitReportReporter -->
<testsuite skipped="0" hostname="Is-MacBook-Pro" name="com.qa.hubspot.tests.ContactsPageTest" tests="2" failures="0" timestamp="2020-07-24T04:55:01 CDT" time="4.809" errors="0">
  <testcase name="verifyContactsPageTitle" time="0.009" classname="com.qa.hubspot.tests.ContactsPageTest"/>
  <system-out/>
  <testcase name="createContactsTest" time="4.800" classname="com.qa.hubspot.tests.ContactsPageTest"/>
  <system-out/>
</testsuite> <!-- com.qa.hubspot.tests.ContactsPageTest -->
