<?xml version="1.0" encoding="UTF-8"?>
<!-- Generated by org.testng.reporters.JUnitReportReporter -->
<testsuite skipped="1" hostname="Is-MacBook-Pro" name="com.qa.hubspot.tests.LoginPageTest" tests="4" failures="0" timestamp="2020-07-17T19:51:13 CDT" time="8.842" errors="0">
  <testcase name="verifyLoginPageTitle" time="3.544" classname="com.qa.hubspot.tests.LoginPageTest"/>
  <system-out/>
  <testcase name="verifySignUpLinkTest" time="0.831" classname="com.qa.hubspot.tests.LoginPageTest"/>
  <system-out/>
  <testcase name="loginTest" time="4.467" classname="com.qa.hubspot.tests.LoginPageTest"/>
  <system-out/>
  <testcase name="loginInvalidTestcase" classname="com.qa.hubspot.tests.LoginPageTest">
    <skipped/>
  </testcase> <!-- loginInvalidTestcase -->
  <system-out/>
</testsuite> <!-- com.qa.hubspot.tests.LoginPageTest -->
