<?xml version="1.0" encoding="UTF-8"?>
<!-- Generated by org.testng.reporters.JUnitReportReporter -->
<testsuite skipped="0" hostname="Is-MacBook-Pro" name="com.qa.hubspot.tests.HomePageTest" tests="3" failures="0" timestamp="2020-07-17T19:51:13 CDT" time="0.636" errors="0">
  <testcase name="verifyHomePageTitleTest" time="0.008" classname="com.qa.hubspot.tests.HomePageTest"/>
  <system-out/>
  <testcase name="verifyHomePageHeaderName" time="0.008" classname="com.qa.hubspot.tests.HomePageTest"/>
  <system-out/>
  <testcase name="verifyLoggedInUserTest" time="0.620" classname="com.qa.hubspot.tests.HomePageTest"/>
  <system-out/>
</testsuite> <!-- com.qa.hubspot.tests.HomePageTest -->
